#-----------------------------------------------------------
# Vivado v2018.2 (64-bit)
# SW Build 2258646 on Thu Jun 14 20:03:12 MDT 2018
# IP Build 2256618 on Thu Jun 14 22:10:49 MDT 2018
# Start of session at: Wed Feb 21 07:46:21 2024
# Process ID: 20008
# Current directory: C:/ECE281/ece281-lab2
# Command line: vivado.exe -gui_launcher_event rodinguilauncherevent20296 C:\ECE281\ece281-lab2\binaryHexDisp.xpr
# Log file: C:/ECE281/ece281-lab2/vivado.log
# Journal file: C:/ECE281/ece281-lab2\vivado.jou
#-----------------------------------------------------------
start_gui
open_project C:/ECE281/ece281-lab2/binaryHexDisp.xpr
Scanning sources...
Finished scanning sources
INFO: [IP_Flow 19-234] Refreshing IP repositories
INFO: [IP_Flow 19-1704] No user IP repositories specified
INFO: [IP_Flow 19-2313] Loaded Vivado IP repository 'C:/Xilinx/Vivado/2018.2/data/ip'.
open_project: Time (s): cpu = 00:00:06 ; elapsed = 00:00:07 . Memory (MB): peak = 792.648 ; gain = 59.965
update_compile_order -fileset sources_1
set_property SOURCE_SET sources_1 [get_filesets sim_1]
add_files -fileset sim_1 -norecurse C:/ECE281/ece281-lab2/src/hdl/sevenSegDecoder_tb.vhd
update_compile_order -fileset sim_1
exit
INFO: [Common 17-206] Exiting Vivado at Wed Feb 21 08:24:51 2024...
